
> frontend-app@0.1.0 dev
> next dev

   ▲ Next.js 16.0.1 (Turbopack)
   - Local:        http://localhost:3000
   - Network:      http://10.255.255.254:3000
   - Environments: .env

 ✓ Starting...
 ✓ Ready in 669ms
prisma:query SELECT `main`.`users`.`id`, `main`.`users`.`email`, `main`.`users`.`name`, `main`.`users`.`password`, `main`.`users`.`isEmailVerified`, `main`.`users`.`emailVerificationToken`, `main`.`users`.`resetPasswordToken`, `main`.`users`.`resetPasswordExpires`, `main`.`users`.`phoneNumber`, `main`.`users`.`businessName`, `main`.`users`.`businessType`, `main`.`users`.`website`, `main`.`users`.`profileComplete`, `main`.`users`.`onboardingComplete`, `main`.`users`.`subscriptionStatus`, `main`.`users`.`plan`, `main`.`users`.`stripeCustomerId`, `main`.`users`.`createdAt`, `main`.`users`.`updatedAt` FROM `main`.`users` WHERE (`main`.`users`.`email` = ? AND 1=1) LIMIT ? OFFSET ?
prisma:query INSERT INTO `main`.`users` (`id`, `email`, `name`, `password`, `isEmailVerified`, `emailVerificationToken`, `profileComplete`, `onboardingComplete`, `subscriptionStatus`, `createdAt`, `updatedAt`) VALUES (?,?,?,?,?,?,?,?,?,?,?) RETURNING `id` AS `id`, `name` AS `name`, `email` AS `email`, `isEmailVerified` AS `isEmailVerified`, `profileComplete` AS `profileComplete`, `onboardingComplete` AS `onboardingComplete`, `subscriptionStatus` AS `subscriptionStatus`, `createdAt` AS `createdAt`
 POST /api/auth/register 201 in 1278ms (compile: 842ms, render: 436ms)
prisma:query SELECT `main`.`users`.`id`, `main`.`users`.`name`, `main`.`users`.`email`, `main`.`users`.`password`, `main`.`users`.`isEmailVerified`, `main`.`users`.`profileComplete`, `main`.`users`.`onboardingComplete`, `main`.`users`.`subscriptionStatus`, `main`.`users`.`plan`, `main`.`users`.`createdAt`, `main`.`users`.`updatedAt` FROM `main`.`users` WHERE (`main`.`users`.`email` = ? AND 1=1) LIMIT ? OFFSET ?
prisma:query UPDATE `main`.`users` SET `updatedAt` = ? WHERE (`main`.`users`.`id` = ? AND 1=1) RETURNING `id` AS `id`, `email` AS `email`, `name` AS `name`, `password` AS `password`, `isEmailVerified` AS `isEmailVerified`, `emailVerificationToken` AS `emailVerificationToken`, `resetPasswordToken` AS `resetPasswordToken`, `resetPasswordExpires` AS `resetPasswordExpires`, `phoneNumber` AS `phoneNumber`, `businessName` AS `businessName`, `businessType` AS `businessType`, `website` AS `website`, `profileComplete` AS `profileComplete`, `onboardingComplete` AS `onboardingComplete`, `subscriptionStatus` AS `subscriptionStatus`, `plan` AS `plan`, `stripeCustomerId` AS `stripeCustomerId`, `createdAt` AS `createdAt`, `updatedAt` AS `updatedAt`
 POST /api/auth/login 200 in 720ms (compile: 284ms, render: 435ms)
prisma:query SELECT `main`.`users`.`id`, `main`.`users`.`name`, `main`.`users`.`email`, `main`.`users`.`password`, `main`.`users`.`isEmailVerified`, `main`.`users`.`profileComplete`, `main`.`users`.`onboardingComplete`, `main`.`users`.`subscriptionStatus`, `main`.`users`.`plan`, `main`.`users`.`createdAt`, `main`.`users`.`updatedAt` FROM `main`.`users` WHERE (`main`.`users`.`email` = ? AND 1=1) LIMIT ? OFFSET ?
 POST /api/auth/login 401 in 492ms (compile: 4ms, render: 488ms)
prisma:query SELECT 1
prisma:query SELECT `main`.`users`.`id`, `main`.`users`.`email`, `main`.`users`.`name`, `main`.`users`.`password`, `main`.`users`.`isEmailVerified`, `main`.`users`.`emailVerificationToken`, `main`.`users`.`resetPasswordToken`, `main`.`users`.`resetPasswordExpires`, `main`.`users`.`phoneNumber`, `main`.`users`.`businessName`, `main`.`users`.`businessType`, `main`.`users`.`website`, `main`.`users`.`profileComplete`, `main`.`users`.`onboardingComplete`, `main`.`users`.`subscriptionStatus`, `main`.`users`.`plan`, `main`.`users`.`stripeCustomerId`, `main`.`users`.`createdAt`, `main`.`users`.`updatedAt` FROM `main`.`users` WHERE (`main`.`users`.`email` = ? AND 1=1) LIMIT ? OFFSET ?
 POST /api/auth/register 409 in 17ms (compile: 4ms, render: 13ms)
 POST /api/auth/register 400 in 12ms (compile: 5ms, render: 7ms)
[?25h
